2026-03-03 13:19:20 | 使用设备: cuda
2026-03-03 13:19:20 | 
============================================================
2026-03-03 13:19:20 | 加载数据...
2026-03-03 13:19:20 | ============================================================
2026-03-03 13:19:20 |   [Ac] 发现 120 个文件, 开始加载...
2026-03-03 13:19:24 |   [Ea] 发现 120 个文件, 开始加载...
2026-03-03 13:19:27 | 加载完成: 240 个样本
2026-03-03 13:19:27 | 数据集大小: 240, 特征维度: 12
2026-03-03 13:19:27 | 浓度范围: 25.0 ~ 250.0 ppm
2026-03-03 13:19:27 | 
======================================================================
2026-03-03 13:19:27 |   消融变体: 完整模型（模型二）
2026-03-03 13:19:27 | ======================================================================
2026-03-03 13:19:27 |     Fold 1/5 ...
2026-03-03 13:19:56 |       Early stopping at epoch 156 | best_val_r2=0.9402 (ep 96)
2026-03-03 13:19:56 |       Fold 1 测试: R²=0.8722, MAE=20.44 ppm
2026-03-03 13:19:56 |     Fold 2/5 ...
2026-03-03 13:20:29 |       Early stopping at epoch 184 | best_val_r2=0.9240 (ep 124)
2026-03-03 13:20:29 |       Fold 2 测试: R²=0.9277, MAE=14.55 ppm
2026-03-03 13:20:29 |     Fold 3/5 ...
2026-03-03 13:21:15 |       Early stopping at epoch 262 | best_val_r2=0.8983 (ep 240)
2026-03-03 13:21:15 |       Fold 3 测试: R²=0.9049, MAE=17.62 ppm
2026-03-03 13:21:15 |     Fold 4/5 ...
2026-03-03 13:21:41 |       Early stopping at epoch 150 | best_val_r2=0.9117 (ep 90)
2026-03-03 13:21:41 |       Fold 4 测试: R²=0.8874, MAE=18.99 ppm
2026-03-03 13:21:41 |     Fold 5/5 ...
2026-03-03 13:22:09 |       Early stopping at epoch 155 | best_val_r2=0.9395 (ep 95)
2026-03-03 13:22:09 |       Fold 5 测试: R²=0.8930, MAE=16.74 ppm
2026-03-03 13:22:09 |   [完整模型（模型二）] 平均R²=0.8970±0.0208, 平均MAE=17.67±2.24 ppm
2026-03-03 13:22:09 | 
======================================================================
2026-03-03 13:22:09 |   消融变体: w/o 交叉注意力（→直接拼接）
2026-03-03 13:22:09 | ======================================================================
2026-03-03 13:22:09 |     Fold 1/5 ...
2026-03-03 13:22:19 |       Early stopping at epoch 70 | best_val_r2=0.9191 (ep 10)
2026-03-03 13:22:19 |       Fold 1 测试: R²=0.7895, MAE=25.89 ppm
2026-03-03 13:22:19 |     Fold 2/5 ...
2026-03-03 13:22:39 |       Early stopping at epoch 137 | best_val_r2=0.9139 (ep 77)
2026-03-03 13:22:39 |       Fold 2 测试: R²=0.9203, MAE=15.85 ppm
2026-03-03 13:22:39 |     Fold 3/5 ...
2026-03-03 13:23:12 |       Early stopping at epoch 228 | best_val_r2=0.9230 (ep 168)
2026-03-03 13:23:12 |       Fold 3 测试: R²=0.8881, MAE=16.90 ppm
2026-03-03 13:23:12 |     Fold 4/5 ...
2026-03-03 13:23:49 |       Early stopping at epoch 254 | best_val_r2=0.9453 (ep 194)
2026-03-03 13:23:49 |       Fold 4 测试: R²=0.8994, MAE=16.09 ppm
2026-03-03 13:23:49 |     Fold 5/5 ...
2026-03-03 13:24:04 |       Early stopping at epoch 104 | best_val_r2=0.9176 (ep 44)
2026-03-03 13:24:04 |       Fold 5 测试: R²=0.8694, MAE=20.05 ppm
2026-03-03 13:24:04 |   [w/o 交叉注意力（→直接拼接）] 平均R²=0.8733±0.0503, 平均MAE=18.96±4.22 ppm
2026-03-03 13:24:04 | 
======================================================================
2026-03-03 13:24:04 |   消融变体: w/o 自适应门控（→固定均值融合）
2026-03-03 13:24:04 | ======================================================================
2026-03-03 13:24:04 |     Fold 1/5 ...
2026-03-03 13:24:32 |       Early stopping at epoch 166 | best_val_r2=0.9492 (ep 106)
2026-03-03 13:24:32 |       Fold 1 测试: R²=0.9107, MAE=16.19 ppm
2026-03-03 13:24:32 |     Fold 2/5 ...
2026-03-03 13:25:16 |       Early stopping at epoch 255 | best_val_r2=0.9445 (ep 195)
2026-03-03 13:25:16 |       Fold 2 测试: R²=0.9215, MAE=15.56 ppm
2026-03-03 13:25:16 |     Fold 3/5 ...
2026-03-03 13:26:05 |       Early stopping at epoch 283 | best_val_r2=0.9478 (ep 223)
2026-03-03 13:26:05 |       Fold 3 测试: R²=0.9570, MAE=10.87 ppm
2026-03-03 13:26:05 |     Fold 4/5 ...
2026-03-03 13:26:41 |       Early stopping at epoch 210 | best_val_r2=0.9416 (ep 150)
2026-03-03 13:26:41 |       Fold 4 测试: R²=0.9029, MAE=18.19 ppm
2026-03-03 13:26:41 |     Fold 5/5 ...
2026-03-03 13:27:25 |       Early stopping at epoch 253 | best_val_r2=0.9628 (ep 234)
2026-03-03 13:27:25 |       Fold 5 测试: R²=0.8976, MAE=16.22 ppm
2026-03-03 13:27:25 |   [w/o 自适应门控（→固定均值融合）] 平均R²=0.9179±0.0236, 平均MAE=15.41±2.72 ppm
2026-03-03 13:27:25 | 
======================================================================
2026-03-03 13:27:25 |   消融变体: 仅CNN分支
2026-03-03 13:27:25 | ======================================================================
2026-03-03 13:27:25 |     Fold 1/5 ...
2026-03-03 13:27:38 |       Early stopping at epoch 147 | best_val_r2=0.9422 (ep 87)
2026-03-03 13:27:38 |       Fold 1 测试: R²=0.8836, MAE=19.05 ppm
2026-03-03 13:27:38 |     Fold 2/5 ...
2026-03-03 13:27:49 |       Early stopping at epoch 116 | best_val_r2=0.9064 (ep 56)
2026-03-03 13:27:49 |       Fold 2 测试: R²=0.8728, MAE=19.16 ppm
2026-03-03 13:27:49 |     Fold 3/5 ...
2026-03-03 13:28:05 |       Early stopping at epoch 185 | best_val_r2=0.9429 (ep 125)
2026-03-03 13:28:05 |       Fold 3 测试: R²=0.9305, MAE=13.75 ppm
2026-03-03 13:28:05 |     Fold 4/5 ...
2026-03-03 13:28:14 |       Early stopping at epoch 89 | best_val_r2=0.9154 (ep 29)
2026-03-03 13:28:14 |       Fold 4 测试: R²=0.9308, MAE=15.44 ppm
2026-03-03 13:28:14 |     Fold 5/5 ...
2026-03-03 13:28:22 |       Early stopping at epoch 89 | best_val_r2=0.9387 (ep 29)
2026-03-03 13:28:22 |       Fold 5 测试: R²=0.8378, MAE=22.61 ppm
2026-03-03 13:28:22 |   [仅CNN分支] 平均R²=0.8911±0.0399, 平均MAE=18.00±3.48 ppm
2026-03-03 13:28:22 | 
======================================================================
2026-03-03 13:28:22 |   消融变体: 仅LSTM分支
2026-03-03 13:28:22 | ======================================================================
2026-03-03 13:28:22 |     Fold 1/5 ...
2026-03-03 13:28:35 |       Early stopping at epoch 158 | best_val_r2=0.9392 (ep 46)
2026-03-03 13:28:35 |       Fold 1 测试: R²=0.8440, MAE=22.24 ppm
2026-03-03 13:28:35 |     Fold 2/5 ...
2026-03-03 13:28:54 |       Early stopping at epoch 231 | best_val_r2=0.9331 (ep 171)
2026-03-03 13:28:54 |       Fold 2 测试: R²=0.9197, MAE=15.72 ppm
2026-03-03 13:28:54 |     Fold 3/5 ...
2026-03-03 13:29:06 |       Early stopping at epoch 137 | best_val_r2=0.8939 (ep 77)
2026-03-03 13:29:06 |       Fold 3 测试: R²=0.8877, MAE=19.33 ppm
2026-03-03 13:29:06 |     Fold 4/5 ...
2026-03-03 13:29:27 |       Early stopping at epoch 246 | best_val_r2=0.9506 (ep 209)
2026-03-03 13:29:27 |       Fold 4 测试: R²=0.9301, MAE=13.13 ppm
2026-03-03 13:29:27 |     Fold 5/5 ...
2026-03-03 13:29:38 |       Early stopping at epoch 130 | best_val_r2=0.9461 (ep 95)
2026-03-03 13:29:38 |       Fold 5 测试: R²=0.9105, MAE=16.86 ppm
2026-03-03 13:29:38 |   [仅LSTM分支] 平均R²=0.8984±0.0342, 平均MAE=17.46±3.48 ppm
2026-03-03 13:29:38 | 
全部消融实验完成，总耗时: 10.2 min
2026-03-03 13:29:38 | 
================================================================================
2026-03-03 13:29:38 |   消融实验汇总结果 (对应论文表5-4)
2026-03-03 13:29:38 | ================================================================================
2026-03-03 13:29:38 | 变体                                       平均R²     平均MAE(ppm)        ΔR²
2026-03-03 13:29:38 | --------------------------------------------------------------------------------
2026-03-03 13:29:38 |   完整模型（模型二）                            0.8970          17.67          —
2026-03-03 13:29:38 |   w/o 交叉注意力（→直接拼接）                     0.8733          18.96    -0.0237
2026-03-03 13:29:38 |   w/o 自适应门控（→固定均值融合）                   0.9179          15.41    +0.0209
2026-03-03 13:29:38 |   仅CNN分支                               0.8911          18.00    -0.0059
2026-03-03 13:29:38 |   仅LSTM分支                              0.8984          17.46    +0.0014
2026-03-03 13:29:38 | ================================================================================
2026-03-03 13:29:38 | 
============================================================
2026-03-03 13:29:38 | 消融实验全部完成!
2026-03-03 13:29:38 | ============================================================
