2026-03-03 08:40:43 | 使用设备: cuda
2026-03-03 08:40:43 | 
加载数据...
2026-03-03 08:40:43 |   [Ac] 发现 120 个文件
2026-03-03 08:40:46 |   [Ea] 发现 120 个文件
2026-03-03 08:40:50 | 加载完成: 240 个样本
2026-03-03 08:40:50 | 数据集大小: 240, 特征维度: 12
2026-03-03 08:40:50 | 
======================================================================
2026-03-03 08:40:50 |   消融变体: Full Model
2026-03-03 08:40:50 | ======================================================================
2026-03-03 08:40:50 |     Fold 1/5 ...
2026-03-03 08:41:13 |       Early stopping at epoch 178 | best_val_r2=0.9411 (ep 118)
2026-03-03 08:41:13 |       Fold 1 测试: R²=0.8655, MAE=21.48 ppm
2026-03-03 08:41:13 |     Fold 2/5 ...
2026-03-03 08:41:38 |       Early stopping at epoch 202 | best_val_r2=0.9278 (ep 142)
2026-03-03 08:41:38 |       Fold 2 测试: R²=0.9011, MAE=18.43 ppm
2026-03-03 08:41:38 |     Fold 3/5 ...
2026-03-03 08:41:52 |       Early stopping at epoch 112 | best_val_r2=0.8473 (ep 52)
2026-03-03 08:41:52 |       Fold 3 测试: R²=0.8495, MAE=23.42 ppm
2026-03-03 08:41:52 |     Fold 4/5 ...
2026-03-03 08:42:13 |       Early stopping at epoch 169 | best_val_r2=0.9170 (ep 109)
2026-03-03 08:42:13 |       Fold 4 测试: R²=0.9293, MAE=15.87 ppm
2026-03-03 08:42:13 |     Fold 5/5 ...
2026-03-03 08:42:30 |       Early stopping at epoch 132 | best_val_r2=0.8941 (ep 72)
2026-03-03 08:42:30 |       Fold 5 测试: R²=0.7996, MAE=24.61 ppm
2026-03-03 08:42:30 |   [Full Model] 平均R²=0.8690±0.0444, 平均MAE=20.76±3.22 ppm
2026-03-03 08:42:30 | 
======================================================================
2026-03-03 08:42:30 |   消融变体: w/o Multi-Scale CNN
2026-03-03 08:42:30 | ======================================================================
2026-03-03 08:42:30 |     Fold 1/5 ...
2026-03-03 08:42:46 |       Early stopping at epoch 163 | best_val_r2=0.9507 (ep 103)
2026-03-03 08:42:46 |       Fold 1 测试: R²=0.8531, MAE=22.31 ppm
2026-03-03 08:42:46 |     Fold 2/5 ...
2026-03-03 08:43:07 |       Early stopping at epoch 219 | best_val_r2=0.8990 (ep 211)
2026-03-03 08:43:07 |       Fold 2 测试: R²=0.9250, MAE=15.14 ppm
2026-03-03 08:43:07 |     Fold 3/5 ...
2026-03-03 08:43:21 |       Early stopping at epoch 147 | best_val_r2=0.8137 (ep 127)
2026-03-03 08:43:21 |       Fold 3 测试: R²=0.7842, MAE=29.22 ppm
2026-03-03 08:43:21 |     Fold 4/5 ...
2026-03-03 08:43:28 |       Early stopping at epoch 67 | best_val_r2=0.8174 (ep 7)
2026-03-03 08:43:28 |       Fold 4 测试: R²=0.7692, MAE=27.68 ppm
2026-03-03 08:43:28 |     Fold 5/5 ...
2026-03-03 08:43:43 |       Early stopping at epoch 159 | best_val_r2=0.9280 (ep 99)
2026-03-03 08:43:43 |       Fold 5 测试: R²=0.8679, MAE=21.47 ppm
2026-03-03 08:43:43 |   [w/o Multi-Scale CNN] 平均R²=0.8399±0.0571, 平均MAE=23.16±5.00 ppm
2026-03-03 08:43:43 | 
======================================================================
2026-03-03 08:43:43 |   消融变体: w/o SE Attention
2026-03-03 08:43:43 | ======================================================================
2026-03-03 08:43:43 |     Fold 1/5 ...
2026-03-03 08:44:08 |       Early stopping at epoch 222 | best_val_r2=0.9385 (ep 162)
2026-03-03 08:44:08 |       Fold 1 测试: R²=0.8247, MAE=24.49 ppm
2026-03-03 08:44:08 |     Fold 2/5 ...
2026-03-03 08:44:22 |       Early stopping at epoch 126 | best_val_r2=0.8867 (ep 66)
2026-03-03 08:44:22 |       Fold 2 测试: R²=0.8938, MAE=18.92 ppm
2026-03-03 08:44:22 |     Fold 3/5 ...
2026-03-03 08:44:50 |       Early stopping at epoch 244 | best_val_r2=0.9387 (ep 184)
2026-03-03 08:44:50 |       Fold 3 测试: R²=0.9524, MAE=11.95 ppm
2026-03-03 08:44:50 |     Fold 4/5 ...
2026-03-03 08:45:00 |       Early stopping at epoch 85 | best_val_r2=0.8229 (ep 25)
2026-03-03 08:45:00 |       Fold 4 测试: R²=0.7166, MAE=30.81 ppm
2026-03-03 08:45:00 |     Fold 5/5 ...
2026-03-03 08:45:16 |       Early stopping at epoch 147 | best_val_r2=0.9461 (ep 87)
2026-03-03 08:45:16 |       Fold 5 测试: R²=0.9060, MAE=17.42 ppm
2026-03-03 08:45:16 |   [w/o SE Attention] 平均R²=0.8587±0.0820, 平均MAE=20.72±6.43 ppm
2026-03-03 08:45:16 | 
======================================================================
2026-03-03 08:45:16 |   消融变体: w/o BiLSTM (→LSTM)
2026-03-03 08:45:16 | ======================================================================
2026-03-03 08:45:16 |     Fold 1/5 ...
2026-03-03 08:45:32 |       Early stopping at epoch 135 | best_val_r2=0.8975 (ep 75)
2026-03-03 08:45:32 |       Fold 1 测试: R²=0.7748, MAE=28.33 ppm
2026-03-03 08:45:32 |     Fold 2/5 ...
2026-03-03 08:46:08 |       Early stopping at epoch 307 | best_val_r2=0.9417 (ep 247)
2026-03-03 08:46:08 |       Fold 2 测试: R²=0.9243, MAE=13.69 ppm
2026-03-03 08:46:08 |     Fold 3/5 ...
2026-03-03 08:46:26 |       Early stopping at epoch 159 | best_val_r2=0.9087 (ep 99)
2026-03-03 08:46:26 |       Fold 3 测试: R²=0.9139, MAE=16.94 ppm
2026-03-03 08:46:26 |     Fold 4/5 ...
2026-03-03 08:46:43 |       Early stopping at epoch 143 | best_val_r2=0.8884 (ep 135)
2026-03-03 08:46:43 |       Fold 4 测试: R²=0.8933, MAE=20.06 ppm
2026-03-03 08:46:43 |     Fold 5/5 ...
2026-03-03 08:47:07 |       Early stopping at epoch 210 | best_val_r2=0.9478 (ep 150)
2026-03-03 08:47:07 |       Fold 5 测试: R²=0.9172, MAE=15.30 ppm
2026-03-03 08:47:07 |   [w/o BiLSTM (→LSTM)] 平均R²=0.8847±0.0559, 平均MAE=18.86±5.18 ppm
2026-03-03 08:47:07 | 
======================================================================
2026-03-03 08:47:07 |   消融变体: w/o Data Augmentation
2026-03-03 08:47:07 | ======================================================================
2026-03-03 08:47:07 |     Fold 1/5 ...
2026-03-03 08:47:24 |       Early stopping at epoch 138 | best_val_r2=0.9312 (ep 78)
2026-03-03 08:47:24 |       Fold 1 测试: R²=0.8885, MAE=20.14 ppm
2026-03-03 08:47:24 |     Fold 2/5 ...
2026-03-03 08:47:44 |       Early stopping at epoch 164 | best_val_r2=0.9372 (ep 104)
2026-03-03 08:47:44 |       Fold 2 测试: R²=0.9073, MAE=16.07 ppm
2026-03-03 08:47:44 |     Fold 3/5 ...
2026-03-03 08:48:11 |       Early stopping at epoch 221 | best_val_r2=0.8956 (ep 161)
2026-03-03 08:48:11 |       Fold 3 测试: R²=0.9062, MAE=16.46 ppm
2026-03-03 08:48:11 |     Fold 4/5 ...
2026-03-03 08:48:44 |       Early stopping at epoch 270 | best_val_r2=0.9369 (ep 210)
2026-03-03 08:48:44 |       Fold 4 测试: R²=0.9037, MAE=17.06 ppm
2026-03-03 08:48:44 |     Fold 5/5 ...
2026-03-03 08:49:00 |       Early stopping at epoch 127 | best_val_r2=0.8611 (ep 67)
2026-03-03 08:49:00 |       Fold 5 测试: R²=0.7273, MAE=28.54 ppm
2026-03-03 08:49:00 |   [w/o Data Augmentation] 平均R²=0.8666±0.0700, 平均MAE=19.66±4.67 ppm
2026-03-03 08:49:00 | 
全部消融实验完成，总耗时: 8.2 min
2026-03-03 08:49:00 | 
================================================================================
2026-03-03 08:49:00 |   消融实验汇总结果 (对应论文表4-5)
2026-03-03 08:49:00 | ================================================================================
2026-03-03 08:49:00 | 变体                                   平均R²     平均MAE(ppm)        ΔR²
2026-03-03 08:49:00 | --------------------------------------------------------------------------------
2026-03-03 08:49:00 |   Full Model                       0.8690          20.76          —
2026-03-03 08:49:00 |   w/o Multi-Scale CNN              0.8399          23.16    -0.0291
2026-03-03 08:49:00 |   w/o SE Attention                 0.8587          20.72    -0.0103
2026-03-03 08:49:00 |   w/o BiLSTM (→LSTM)               0.8847          18.86    +0.0157
2026-03-03 08:49:00 |   w/o Data Augmentation            0.8666          19.66    -0.0024
2026-03-03 08:49:00 | ================================================================================
2026-03-03 08:49:00 | 
消融实验结果图已保存: model1_ablation_results.png
2026-03-03 08:49:00 | 
============================================================
2026-03-03 08:49:00 | 消融实验全部完成!
2026-03-03 08:49:00 | ============================================================
